# JRE version: Java(TM) SE Runtime Environment (8.0_211-b12) (build 1.8.0_211-b12)
# Java VM: Java HotSpot(TM) 64-Bit Server VM (25.211-b12 mixed mode windows-amd64 compressed oops)
Heap:
 PSYoungGen      total 167424K, used 42761K [0x000000078e000000, 0x000000079b880000, 0x00000007c0000000)
  eden space 155648K, 19% used [0x000000078e000000,0x000000078fe48b70,0x0000000797800000)
  from space 11776K, 99% used [0x0000000797800000,0x0000000798379988,0x0000000798380000)
  to   space 13824K, 0% used [0x000000079ab00000,0x000000079ab00000,0x000000079b880000)
 ParOldGen       total 91648K, used 22067K [0x000000072a000000, 0x000000072f980000, 0x000000078e000000)
  object space 91648K, 24% used [0x000000072a000000,0x000000072b58cf20,0x000000072f980000)
 Metaspace       used 49298K, capacity 52916K, committed 53248K, reserved 1095680K
  class space    used 7215K, capacity 7854K, committed 7936K, reserved 1048576K
GC Heap History (10 events):
Event: 5.543 GC heap before
{Heap before GC invocations=9 (full 1):
 PSYoungGen      total 76288K, used 66560K [0x000000078e000000, 0x0000000797500000, 0x00000007c0000000)
  eden space 66560K, 100% used [0x000000078e000000,0x0000000792100000,0x0000000792100000)
  from space 9728K, 0% used [0x0000000792100000,0x0000000792100000,0x0000000792a80000)
  to   space 9728K, 0% used [0x0000000796b80000,0x0000000796b80000,0x0000000797500000)
 ParOldGen       total 57344K, used 9668K [0x000000072a000000, 0x000000072d800000, 0x000000078e000000)
  object space 57344K, 16% used [0x000000072a000000,0x000000072a9712f8,0x000000072d800000)
 Metaspace       used 24499K, capacity 25646K, committed 25728K, reserved 1071104K
  class space    used 3681K, capacity 3939K, committed 3968K, reserved 1048576K
Event: 5.551 GC heap after
Heap after GC invocations=9 (full 1):
 PSYoungGen      total 117248K, used 5130K [0x000000078e000000, 0x0000000797100000, 0x00000007c0000000)
  eden space 111616K, 0% used [0x000000078e000000,0x000000078e000000,0x0000000794d00000)
  from space 5632K, 91% used [0x0000000796b80000,0x0000000797082b50,0x0000000797100000)
  to   space 9216K, 0% used [0x0000000795f00000,0x0000000795f00000,0x0000000796800000)
 ParOldGen       total 57344K, used 9676K [0x000000072a000000, 0x000000072d800000, 0x000000078e000000)
  object space 57344K, 16% used [0x000000072a000000,0x000000072a9732f8,0x000000072d800000)
 Metaspace       used 24499K, capacity 25646K, committed 25728K, reserved 1071104K
  class space    used 3681K, capacity 3939K, committed 3968K, reserved 1048576K
}
Event: 6.955 GC heap before
{Heap before GC invocations=10 (full 1):
 PSYoungGen      total 117248K, used 89739K [0x000000078e000000, 0x0000000797100000, 0x00000007c0000000)
  eden space 111616K, 75% used [0x000000078e000000,0x00000007932a0318,0x0000000794d00000)
  from space 5632K, 91% used [0x0000000796b80000,0x0000000797082b50,0x0000000797100000)
  to   space 9216K, 0% used [0x0000000795f00000,0x0000000795f00000,0x0000000796800000)
 ParOldGen       total 57344K, used 9676K [0x000000072a000000, 0x000000072d800000, 0x000000078e000000)
  object space 57344K, 16% used [0x000000072a000000,0x000000072a9732f8,0x000000072d800000)
 Metaspace       used 33785K, capacity 35310K, committed 35456K, reserved 1079296K
  class space    used 4824K, capacity 5144K, committed 5248K, reserved 1048576K
Event: 6.976 GC heap after
Heap after GC invocations=10 (full 1):
 PSYoungGen      total 139264K, used 9213K [0x000000078e000000, 0x0000000798e80000, 0x00000007c0000000)
  eden space 130048K, 0% used [0x000000078e000000,0x000000078e000000,0x0000000795f00000)
  from space 9216K, 99% used [0x0000000795f00000,0x00000007967ff498,0x0000000796800000)
  to   space 11264K, 0% used [0x0000000798380000,0x0000000798380000,0x0000000798e80000)
 ParOldGen       total 57344K, used 12178K [0x000000072a000000, 0x000000072d800000, 0x000000078e000000)
  object space 57344K, 21% used [0x000000072a000000,0x000000072abe4848,0x000000072d800000)
 Metaspace       used 33785K, capacity 35310K, committed 35456K, reserved 1079296K
  class space    used 4824K, capacity 5144K, committed 5248K, reserved 1048576K
}
Event: 6.976 GC heap before
{Heap before GC invocations=11 (full 2):
 PSYoungGen      total 139264K, used 9213K [0x000000078e000000, 0x0000000798e80000, 0x00000007c0000000)
  eden space 130048K, 0% used [0x000000078e000000,0x000000078e000000,0x0000000795f00000)
  from space 9216K, 99% used [0x0000000795f00000,0x00000007967ff498,0x0000000796800000)
  to   space 11264K, 0% used [0x0000000798380000,0x0000000798380000,0x0000000798e80000)
 ParOldGen       total 57344K, used 12178K [0x000000072a000000, 0x000000072d800000, 0x000000078e000000)
  object space 57344K, 21% used [0x000000072a000000,0x000000072abe4848,0x000000072d800000)
 Metaspace       used 33785K, capacity 35310K, committed 35456K, reserved 1079296K
  class space    used 4824K, capacity 5144K, committed 5248K, reserved 1048576K
Event: 7.048 GC heap after
Heap after GC invocations=11 (full 2):
 PSYoungGen      total 139264K, used 0K [0x000000078e000000, 0x0000000798e80000, 0x00000007c0000000)
  eden space 130048K, 0% used [0x000000078e000000,0x000000078e000000,0x0000000795f00000)
  from space 9216K, 0% used [0x0000000795f00000,0x0000000795f00000,0x0000000796800000)
  to   space 11264K, 0% used [0x0000000798380000,0x0000000798380000,0x0000000798e80000)
 ParOldGen       total 91648K, used 19116K [0x000000072a000000, 0x000000072f980000, 0x000000078e000000)
  object space 91648K, 20% used [0x000000072a000000,0x000000072b2ab1c0,0x000000072f980000)
 Metaspace       used 33785K, capacity 35310K, committed 35456K, reserved 1079296K
  class space    used 4824K, capacity 5144K, committed 5248K, reserved 1048576K
}
Event: 8.331 GC heap before
{Heap before GC invocations=12 (full 2):
 PSYoungGen      total 139264K, used 130048K [0x000000078e000000, 0x0000000798e80000, 0x00000007c0000000)
  eden space 130048K, 100% used [0x000000078e000000,0x0000000795f00000,0x0000000795f00000)
  from space 9216K, 0% used [0x0000000795f00000,0x0000000795f00000,0x0000000796800000)
  to   space 11264K, 0% used [0x0000000798380000,0x0000000798380000,0x0000000798e80000)
 ParOldGen       total 91648K, used 19116K [0x000000072a000000, 0x000000072f980000, 0x000000078e000000)
  object space 91648K, 20% used [0x000000072a000000,0x000000072b2ab1c0,0x000000072f980000)
 Metaspace       used 40464K, capacity 42510K, committed 42624K, reserved 1085440K
  class space    used 5801K, capacity 6186K, committed 6272K, reserved 1048576K
Event: 8.344 GC heap after
Heap after GC invocations=12 (full 2):
 PSYoungGen      total 166912K, used 8584K [0x000000078e000000, 0x0000000799600000, 0x00000007c0000000)
  eden space 155648K, 0% used [0x000000078e000000,0x000000078e000000,0x0000000797800000)
  from space 11264K, 76% used [0x0000000798380000,0x0000000798be2028,0x0000000798e80000)
  to   space 11776K, 0% used [0x0000000797800000,0x0000000797800000,0x0000000798380000)
 ParOldGen       total 91648K, used 19124K [0x000000072a000000, 0x000000072f980000, 0x000000078e000000)
  object space 91648K, 20% used [0x000000072a000000,0x000000072b2ad1c0,0x000000072f980000)
 Metaspace       used 40464K, capacity 42510K, committed 42624K, reserved 1085440K
  class space    used 5801K, capacity 6186K, committed 6272K, reserved 1048576K
}
Event: 11.550 GC heap before
{Heap before GC invocations=13 (full 2):
 PSYoungGen      total 166912K, used 164232K [0x000000078e000000, 0x0000000799600000, 0x00000007c0000000)
  eden space 155648K, 100% used [0x000000078e000000,0x0000000797800000,0x0000000797800000)
  from space 11264K, 76% used [0x0000000798380000,0x0000000798be2028,0x0000000798e80000)
  to   space 11776K, 0% used [0x0000000797800000,0x0000000797800000,0x0000000798380000)
 ParOldGen       total 91648K, used 19124K [0x000000072a000000, 0x000000072f980000, 0x000000078e000000)
  object space 91648K, 20% used [0x000000072a000000,0x000000072b2ad1c0,0x000000072f980000)
 Metaspace       used 46958K, capacity 50176K, committed 50304K, reserved 1091584K
  class space    used 6879K, capacity 7428K, committed 7552K, reserved 1048576K
Event: 11.591 GC heap after
Heap after GC invocations=13 (full 2):
 PSYoungGen      total 167424K, used 11750K [0x000000078e000000, 0x000000079b880000, 0x00000007c0000000)
  eden space 155648K, 0% used [0x000000078e000000,0x000000078e000000,0x0000000797800000)
  from space 11776K, 99% used [0x0000000797800000,0x0000000798379988,0x0000000798380000)
  to   space 13824K, 0% used [0x000000079ab00000,0x000000079ab00000,0x000000079b880000)
 ParOldGen       total 91648K, used 22067K [0x000000072a000000, 0x000000072f980000, 0x000000078e000000)
  object space 91648K, 24% used [0x000000072a000000,0x000000072b58cf20,0x000000072f980000)
 Metaspace       used 46958K, capacity 50176K, committed 50304K, reserved 1091584K
  class space    used 6879K, capacity 7428K, committed 7552K, reserved 1048576K
}

