# JRE version: Java(TM) SE Runtime Environment (8.0_211-b12) (build 1.8.0_211-b12)
# Java VM: Java HotSpot(TM) 64-Bit Server VM (25.211-b12 mixed mode windows-amd64 compressed oops)
Heap:
 PSYoungGen      total 210432K, used 62408K [0x000000078e000000, 0x000000079bb80000, 0x00000007c0000000)
  eden space 198144K, 26% used [0x000000078e000000,0x0000000791297d68,0x000000079a180000)
  from space 12288K, 86% used [0x000000079af80000,0x000000079b9da400,0x000000079bb80000)
  to   space 13312K, 0% used [0x000000079a180000,0x000000079a180000,0x000000079ae80000)
 ParOldGen       total 87552K, used 29409K [0x000000072a000000, 0x000000072f580000, 0x000000078e000000)
  object space 87552K, 33% used [0x000000072a000000,0x000000072bcb8450,0x000000072f580000)
 Metaspace       used 52157K, capacity 56156K, committed 56448K, reserved 1097728K
  class space    used 7512K, capacity 8193K, committed 8320K, reserved 1048576K
GC Heap History (10 events):
Event: 10.454 GC heap before
{Heap before GC invocations=10 (full 1):
 PSYoungGen      total 116224K, used 90998K [0x000000078e000000, 0x0000000797100000, 0x00000007c0000000)
  eden space 110592K, 77% used [0x000000078e000000,0x00000007933adab8,0x0000000794c00000)
  from space 5632K, 94% used [0x0000000796b80000,0x00000007970aff90,0x0000000797100000)
  to   space 9216K, 0% used [0x0000000795f00000,0x0000000795f00000,0x0000000796800000)
 ParOldGen       total 59392K, used 9128K [0x000000072a000000, 0x000000072da00000, 0x000000078e000000)
  object space 59392K, 15% used [0x000000072a000000,0x000000072a8ea1f8,0x000000072da00000)
 Metaspace       used 33756K, capacity 35320K, committed 35456K, reserved 1079296K
  class space    used 4795K, capacity 5130K, committed 5248K, reserved 1048576K
Event: 10.496 GC heap after
Heap after GC invocations=10 (full 1):
 PSYoungGen      total 139264K, used 9204K [0x000000078e000000, 0x0000000798b80000, 0x00000007c0000000)
  eden space 130048K, 0% used [0x000000078e000000,0x000000078e000000,0x0000000795f00000)
  from space 9216K, 99% used [0x0000000795f00000,0x00000007967fd048,0x0000000796800000)
  to   space 11264K, 0% used [0x0000000798080000,0x0000000798080000,0x0000000798b80000)
 ParOldGen       total 59392K, used 11453K [0x000000072a000000, 0x000000072da00000, 0x000000078e000000)
  object space 59392K, 19% used [0x000000072a000000,0x000000072ab2f4a0,0x000000072da00000)
 Metaspace       used 33756K, capacity 35320K, committed 35456K, reserved 1079296K
  class space    used 4795K, capacity 5130K, committed 5248K, reserved 1048576K
}
Event: 10.496 GC heap before
{Heap before GC invocations=11 (full 2):
 PSYoungGen      total 139264K, used 9204K [0x000000078e000000, 0x0000000798b80000, 0x00000007c0000000)
  eden space 130048K, 0% used [0x000000078e000000,0x000000078e000000,0x0000000795f00000)
  from space 9216K, 99% used [0x0000000795f00000,0x00000007967fd048,0x0000000796800000)
  to   space 11264K, 0% used [0x0000000798080000,0x0000000798080000,0x0000000798b80000)
 ParOldGen       total 59392K, used 11453K [0x000000072a000000, 0x000000072da00000, 0x000000078e000000)
  object space 59392K, 19% used [0x000000072a000000,0x000000072ab2f4a0,0x000000072da00000)
 Metaspace       used 33756K, capacity 35320K, committed 35456K, reserved 1079296K
  class space    used 4795K, capacity 5130K, committed 5248K, reserved 1048576K
Event: 10.591 GC heap after
Heap after GC invocations=11 (full 2):
 PSYoungGen      total 139264K, used 0K [0x000000078e000000, 0x0000000798b80000, 0x00000007c0000000)
  eden space 130048K, 0% used [0x000000078e000000,0x000000078e000000,0x0000000795f00000)
  from space 9216K, 0% used [0x0000000795f00000,0x0000000795f00000,0x0000000796800000)
  to   space 11264K, 0% used [0x0000000798080000,0x0000000798080000,0x0000000798b80000)
 ParOldGen       total 87552K, used 18523K [0x000000072a000000, 0x000000072f580000, 0x000000078e000000)
  object space 87552K, 21% used [0x000000072a000000,0x000000072b216d70,0x000000072f580000)
 Metaspace       used 33756K, capacity 35320K, committed 35456K, reserved 1079296K
  class space    used 4795K, capacity 5130K, committed 5248K, reserved 1048576K
}
Event: 12.265 GC heap before
{Heap before GC invocations=12 (full 2):
 PSYoungGen      total 139264K, used 130048K [0x000000078e000000, 0x0000000798b80000, 0x00000007c0000000)
  eden space 130048K, 100% used [0x000000078e000000,0x0000000795f00000,0x0000000795f00000)
  from space 9216K, 0% used [0x0000000795f00000,0x0000000795f00000,0x0000000796800000)
  to   space 11264K, 0% used [0x0000000798080000,0x0000000798080000,0x0000000798b80000)
 ParOldGen       total 87552K, used 18523K [0x000000072a000000, 0x000000072f580000, 0x000000078e000000)
  object space 87552K, 21% used [0x000000072a000000,0x000000072b216d70,0x000000072f580000)
 Metaspace       used 40414K, capacity 42490K, committed 42624K, reserved 1085440K
  class space    used 5748K, capacity 6153K, committed 6272K, reserved 1048576K
Event: 12.281 GC heap after
Heap after GC invocations=12 (full 2):
 PSYoungGen      total 163840K, used 9291K [0x000000078e000000, 0x000000079a000000, 0x00000007c0000000)
  eden space 152576K, 0% used [0x000000078e000000,0x000000078e000000,0x0000000797500000)
  from space 11264K, 82% used [0x0000000798080000,0x0000000798992d50,0x0000000798b80000)
  to   space 11776K, 0% used [0x0000000797500000,0x0000000797500000,0x0000000798080000)
 ParOldGen       total 87552K, used 18531K [0x000000072a000000, 0x000000072f580000, 0x000000078e000000)
  object space 87552K, 21% used [0x000000072a000000,0x000000072b218d70,0x000000072f580000)
 Metaspace       used 40414K, capacity 42490K, committed 42624K, reserved 1085440K
  class space    used 5748K, capacity 6153K, committed 6272K, reserved 1048576K
}
Event: 15.443 GC heap before
{Heap before GC invocations=13 (full 2):
 PSYoungGen      total 163840K, used 161867K [0x000000078e000000, 0x000000079a000000, 0x00000007c0000000)
  eden space 152576K, 100% used [0x000000078e000000,0x0000000797500000,0x0000000797500000)
  from space 11264K, 82% used [0x0000000798080000,0x0000000798992d50,0x0000000798b80000)
  to   space 11776K, 0% used [0x0000000797500000,0x0000000797500000,0x0000000798080000)
 ParOldGen       total 87552K, used 18531K [0x000000072a000000, 0x000000072f580000, 0x000000078e000000)
  object space 87552K, 21% used [0x000000072a000000,0x000000072b218d70,0x000000072f580000)
 Metaspace       used 47240K, capacity 50384K, committed 50432K, reserved 1091584K
  class space    used 6848K, capacity 7392K, committed 7424K, reserved 1048576K
Event: 15.470 GC heap after
Heap after GC invocations=13 (full 2):
 PSYoungGen      total 164352K, used 11248K [0x000000078e000000, 0x000000079bc00000, 0x00000007c0000000)
  eden space 152576K, 0% used [0x000000078e000000,0x000000078e000000,0x0000000797500000)
  from space 11776K, 95% used [0x0000000797500000,0x0000000797ffc2f0,0x0000000798080000)
  to   space 12800K, 0% used [0x000000079af80000,0x000000079af80000,0x000000079bc00000)
 ParOldGen       total 87552K, used 22105K [0x000000072a000000, 0x000000072f580000, 0x000000078e000000)
  object space 87552K, 25% used [0x000000072a000000,0x000000072b5964e0,0x000000072f580000)
 Metaspace       used 47240K, capacity 50384K, committed 50432K, reserved 1091584K
  class space    used 6848K, capacity 7392K, committed 7424K, reserved 1048576K
}
Event: 17.722 GC heap before
{Heap before GC invocations=14 (full 2):
 PSYoungGen      total 164352K, used 163824K [0x000000078e000000, 0x000000079bc00000, 0x00000007c0000000)
  eden space 152576K, 100% used [0x000000078e000000,0x0000000797500000,0x0000000797500000)
  from space 11776K, 95% used [0x0000000797500000,0x0000000797ffc2f0,0x0000000798080000)
  to   space 12800K, 0% used [0x000000079af80000,0x000000079af80000,0x000000079bc00000)
 ParOldGen       total 87552K, used 22105K [0x000000072a000000, 0x000000072f580000, 0x000000078e000000)
  object space 87552K, 25% used [0x000000072a000000,0x000000072b5964e0,0x000000072f580000)
 Metaspace       used 50998K, capacity 54786K, committed 54912K, reserved 1095680K
  class space    used 7313K, capacity 7966K, committed 8064K, reserved 1048576K
Event: 17.751 GC heap after
Heap after GC invocations=14 (full 2):
 PSYoungGen      total 210432K, used 10601K [0x000000078e000000, 0x000000079bb80000, 0x00000007c0000000)
  eden space 198144K, 0% used [0x000000078e000000,0x000000078e000000,0x000000079a180000)
  from space 12288K, 86% used [0x000000079af80000,0x000000079b9da400,0x000000079bb80000)
  to   space 13312K, 0% used [0x000000079a180000,0x000000079a180000,0x000000079ae80000)
 ParOldGen       total 87552K, used 29409K [0x000000072a000000, 0x000000072f580000, 0x000000078e000000)
  object space 87552K, 33% used [0x000000072a000000,0x000000072bcb8450,0x000000072f580000)
 Metaspace       used 50998K, capacity 54786K, committed 54912K, reserved 1095680K
  class space    used 7313K, capacity 7966K, committed 8064K, reserved 1048576K
}

